# JRE version: Java(TM) SE Runtime Environment (8.0_131-b11) (build 1.8.0_131-b11)
# Java VM: Java HotSpot(TM) 64-Bit Server VM (25.131-b11 mixed mode windows-amd64 compressed oops)
Heap:
 PSYoungGen      total 130560K, used 113219K [0x000000076af80000, 0x0000000774480000, 0x00000007c0000000)
  eden space 119808K, 85% used [0x000000076af80000,0x00000007713d0ee8,0x0000000772480000)
  from space 10752K, 97% used [0x0000000773a00000,0x000000077443ff48,0x0000000774480000)
  to   space 10752K, 0% used [0x0000000772f80000,0x0000000772f80000,0x0000000773a00000)
 ParOldGen       total 448000K, used 300004K [0x00000006c0e00000, 0x00000006dc380000, 0x000000076af80000)
  object space 448000K, 66% used [0x00000006c0e00000,0x00000006d32f90a8,0x00000006dc380000)
 Metaspace       used 26654K, capacity 28422K, committed 28672K, reserved 1075200K
  class space    used 3463K, capacity 3804K, committed 3840K, reserved 1048576K
GC Heap History (10 events):
Event: 24.110 GC heap before
{Heap before GC invocations=5 (full 2):
 PSYoungGen      total 76288K, used 65536K [0x000000076af80000, 0x0000000774480000, 0x00000007c0000000)
  eden space 65536K, 100% used [0x000000076af80000,0x000000076ef80000,0x000000076ef80000)
  from space 10752K, 0% used [0x000000076ef80000,0x000000076ef80000,0x000000076fa00000)
  to   space 10752K, 0% used [0x0000000773a00000,0x0000000773a00000,0x0000000774480000)
 ParOldGen       total 175104K, used 125411K [0x00000006c0e00000, 0x00000006cb900000, 0x000000076af80000)
  object space 175104K, 71% used [0x00000006c0e00000,0x00000006c8878c70,0x00000006cb900000)
 Metaspace       used 25546K, capacity 27282K, committed 27392K, reserved 1073152K
  class space    used 3411K, capacity 3732K, committed 3840K, reserved 1048576K
Event: 24.147 GC heap after
Heap after GC invocations=5 (full 2):
 PSYoungGen      total 76288K, used 0K [0x000000076af80000, 0x0000000774480000, 0x00000007c0000000)
  eden space 65536K, 0% used [0x000000076af80000,0x000000076af80000,0x000000076ef80000)
  from space 10752K, 0% used [0x000000076ef80000,0x000000076ef80000,0x000000076fa00000)
  to   space 10752K, 0% used [0x0000000773a00000,0x0000000773a00000,0x0000000774480000)
 ParOldGen       total 314368K, used 138122K [0x00000006c0e00000, 0x00000006d4100000, 0x000000076af80000)
  object space 314368K, 43% used [0x00000006c0e00000,0x00000006c94e2ac8,0x00000006d4100000)
 Metaspace       used 25546K, capacity 27282K, committed 27392K, reserved 1073152K
  class space    used 3411K, capacity 3732K, committed 3840K, reserved 1048576K
}
Event: 27.444 GC heap before
{Heap before GC invocations=6 (full 2):
 PSYoungGen      total 76288K, used 63936K [0x000000076af80000, 0x0000000774480000, 0x00000007c0000000)
  eden space 65536K, 97% used [0x000000076af80000,0x000000076edf01c0,0x000000076ef80000)
  from space 10752K, 0% used [0x000000076ef80000,0x000000076ef80000,0x000000076fa00000)
  to   space 10752K, 0% used [0x0000000773a00000,0x0000000773a00000,0x0000000774480000)
 ParOldGen       total 314368K, used 138122K [0x00000006c0e00000, 0x00000006d4100000, 0x000000076af80000)
  object space 314368K, 43% used [0x00000006c0e00000,0x00000006c94e2ac8,0x00000006d4100000)
 Metaspace       used 26176K, capacity 27876K, committed 28160K, reserved 1073152K
  class space    used 3460K, capacity 3799K, committed 3840K, reserved 1048576K
Event: 27.454 GC heap after
Heap after GC invocations=6 (full 2):
 PSYoungGen      total 130560K, used 10439K [0x000000076af80000, 0x0000000774480000, 0x00000007c0000000)
  eden space 119808K, 0% used [0x000000076af80000,0x000000076af80000,0x0000000772480000)
  from space 10752K, 97% used [0x0000000773a00000,0x0000000774431d60,0x0000000774480000)
  to   space 10752K, 0% used [0x0000000772f80000,0x0000000772f80000,0x0000000773a00000)
 ParOldGen       total 314368K, used 179639K [0x00000006c0e00000, 0x00000006d4100000, 0x000000076af80000)
  object space 314368K, 57% used [0x00000006c0e00000,0x00000006cbd6dea0,0x00000006d4100000)
 Metaspace       used 26176K, capacity 27876K, committed 28160K, reserved 1073152K
  class space    used 3460K, capacity 3799K, committed 3840K, reserved 1048576K
}
Event: 27.915 GC heap before
{Heap before GC invocations=7 (full 2):
 PSYoungGen      total 130560K, used 126956K [0x000000076af80000, 0x0000000774480000, 0x00000007c0000000)
  eden space 119808K, 97% used [0x000000076af80000,0x0000000772149590,0x0000000772480000)
  from space 10752K, 97% used [0x0000000773a00000,0x0000000774431d60,0x0000000774480000)
  to   space 10752K, 0% used [0x0000000772f80000,0x0000000772f80000,0x0000000773a00000)
 ParOldGen       total 314368K, used 179639K [0x00000006c0e00000, 0x00000006d4100000, 0x000000076af80000)
  object space 314368K, 57% used [0x00000006c0e00000,0x00000006cbd6dea0,0x00000006d4100000)
 Metaspace       used 26220K, capacity 27940K, committed 28160K, reserved 1073152K
  class space    used 3460K, capacity 3799K, committed 3840K, reserved 1048576K
Event: 27.937 GC heap after
Heap after GC invocations=7 (full 2):
 PSYoungGen      total 130560K, used 10741K [0x000000076af80000, 0x0000000774480000, 0x00000007c0000000)
  eden space 119808K, 0% used [0x000000076af80000,0x000000076af80000,0x0000000772480000)
  from space 10752K, 99% used [0x0000000772f80000,0x00000007739fd590,0x0000000773a00000)
  to   space 10752K, 0% used [0x0000000773a00000,0x0000000773a00000,0x0000000774480000)
 ParOldGen       total 314368K, used 290109K [0x00000006c0e00000, 0x00000006d4100000, 0x000000076af80000)
  object space 314368K, 92% used [0x00000006c0e00000,0x00000006d294f518,0x00000006d4100000)
 Metaspace       used 26220K, capacity 27940K, committed 28160K, reserved 1073152K
  class space    used 3460K, capacity 3799K, committed 3840K, reserved 1048576K
}
Event: 27.937 GC heap before
{Heap before GC invocations=8 (full 3):
 PSYoungGen      total 130560K, used 10741K [0x000000076af80000, 0x0000000774480000, 0x00000007c0000000)
  eden space 119808K, 0% used [0x000000076af80000,0x000000076af80000,0x0000000772480000)
  from space 10752K, 99% used [0x0000000772f80000,0x00000007739fd590,0x0000000773a00000)
  to   space 10752K, 0% used [0x0000000773a00000,0x0000000773a00000,0x0000000774480000)
 ParOldGen       total 314368K, used 290109K [0x00000006c0e00000, 0x00000006d4100000, 0x000000076af80000)
  object space 314368K, 92% used [0x00000006c0e00000,0x00000006d294f518,0x00000006d4100000)
 Metaspace       used 26220K, capacity 27940K, committed 28160K, reserved 1073152K
  class space    used 3460K, capacity 3799K, committed 3840K, reserved 1048576K
Event: 27.995 GC heap after
Heap after GC invocations=8 (full 3):
 PSYoungGen      total 130560K, used 0K [0x000000076af80000, 0x0000000774480000, 0x00000007c0000000)
  eden space 119808K, 0% used [0x000000076af80000,0x000000076af80000,0x0000000772480000)
  from space 10752K, 0% used [0x0000000772f80000,0x0000000772f80000,0x0000000773a00000)
  to   space 10752K, 0% used [0x0000000773a00000,0x0000000773a00000,0x0000000774480000)
 ParOldGen       total 448000K, used 227595K [0x00000006c0e00000, 0x00000006dc380000, 0x000000076af80000)
  object space 448000K, 50% used [0x00000006c0e00000,0x00000006cec42c98,0x00000006dc380000)
 Metaspace       used 26220K, capacity 27940K, committed 28160K, reserved 1073152K
  class space    used 3460K, capacity 3799K, committed 3840K, reserved 1048576K
}
Event: 63.027 GC heap before
{Heap before GC invocations=9 (full 3):
 PSYoungGen      total 130560K, used 117458K [0x000000076af80000, 0x0000000774480000, 0x00000007c0000000)
  eden space 119808K, 98% used [0x000000076af80000,0x0000000772234948,0x0000000772480000)
  from space 10752K, 0% used [0x0000000772f80000,0x0000000772f80000,0x0000000773a00000)
  to   space 10752K, 0% used [0x0000000773a00000,0x0000000773a00000,0x0000000774480000)
 ParOldGen       total 448000K, used 227595K [0x00000006c0e00000, 0x00000006dc380000, 0x000000076af80000)
  object space 448000K, 50% used [0x00000006c0e00000,0x00000006cec42c98,0x00000006dc380000)
 Metaspace       used 26597K, capacity 28294K, committed 28416K, reserved 1073152K
  class space    used 3463K, capacity 3804K, committed 3840K, reserved 1048576K
Event: 63.037 GC heap after
Heap after GC invocations=9 (full 3):
 PSYoungGen      total 130560K, used 10495K [0x000000076af80000, 0x0000000774480000, 0x00000007c0000000)
  eden space 119808K, 0% used [0x000000076af80000,0x000000076af80000,0x0000000772480000)
  from space 10752K, 97% used [0x0000000773a00000,0x000000077443ff48,0x0000000774480000)
  to   space 10752K, 0% used [0x0000000772f80000,0x0000000772f80000,0x0000000773a00000)
 ParOldGen       total 448000K, used 300004K [0x00000006c0e00000, 0x00000006dc380000, 0x000000076af80000)
  object space 448000K, 66% used [0x00000006c0e00000,0x00000006d32f90a8,0x00000006dc380000)
 Metaspace       used 26597K, capacity 28294K, committed 28416K, reserved 1073152K
  class space    used 3463K, capacity 3804K, committed 3840K, reserved 1048576K
}

