# JRE version: Java(TM) SE Runtime Environment (8.0_131-b11) (build 1.8.0_131-b11)
# Java VM: Java HotSpot(TM) 64-Bit Server VM (25.131-b11 mixed mode windows-amd64 compressed oops)
Heap:
 PSYoungGen      total 128512K, used 89860K [0x000000076af80000, 0x0000000774480000, 0x00000007c0000000)
  eden space 117760K, 76% used [0x000000076af80000,0x0000000770741378,0x0000000772280000)
  from space 10752K, 0% used [0x0000000773a00000,0x0000000773a00000,0x0000000774480000)
  to   space 10752K, 0% used [0x0000000772f80000,0x0000000772f80000,0x0000000773a00000)
 ParOldGen       total 216064K, used 215023K [0x00000006c0e00000, 0x00000006ce100000, 0x000000076af80000)
  object space 216064K, 99% used [0x00000006c0e00000,0x00000006cdffbdb8,0x00000006ce100000)
 Metaspace       used 22387K, capacity 23556K, committed 23808K, reserved 1069056K
  class space    used 3012K, capacity 3287K, committed 3328K, reserved 1048576K
GC Heap History (10 events):
Event: 51.655 GC heap before
{Heap before GC invocations=230 (full 226):
 PSYoungGen      total 128512K, used 117759K [0x000000076af80000, 0x0000000774480000, 0x00000007c0000000)
  eden space 117760K, 99% used [0x000000076af80000,0x000000077227fff8,0x0000000772280000)
  from space 10752K, 0% used [0x0000000773a00000,0x0000000773a00000,0x0000000774480000)
  to   space 10752K, 0% used [0x0000000772f80000,0x0000000772f80000,0x0000000773a00000)
 ParOldGen       total 216064K, used 215308K [0x00000006c0e00000, 0x00000006ce100000, 0x000000076af80000)
  object space 216064K, 99% used [0x00000006c0e00000,0x00000006ce043030,0x00000006ce100000)
 Metaspace       used 22139K, capacity 23250K, committed 23552K, reserved 1069056K
  class space    used 3005K, capacity 3252K, committed 3328K, reserved 1048576K
Event: 51.671 GC heap after
Heap after GC invocations=230 (full 226):
 PSYoungGen      total 128512K, used 117759K [0x000000076af80000, 0x0000000774480000, 0x00000007c0000000)
  eden space 117760K, 99% used [0x000000076af80000,0x000000077227fff8,0x0000000772280000)
  from space 10752K, 0% used [0x0000000773a00000,0x0000000773a00000,0x0000000774480000)
  to   space 10752K, 0% used [0x0000000772f80000,0x0000000772f80000,0x0000000773a00000)
 ParOldGen       total 216064K, used 215306K [0x00000006c0e00000, 0x00000006ce100000, 0x000000076af80000)
  object space 216064K, 99% used [0x00000006c0e00000,0x00000006ce042ab0,0x00000006ce100000)
 Metaspace       used 22139K, capacity 23250K, committed 23552K, reserved 1069056K
  class space    used 3005K, capacity 3252K, committed 3328K, reserved 1048576K
}
Event: 51.672 GC heap before
{Heap before GC invocations=231 (full 227):
 PSYoungGen      total 128512K, used 117759K [0x000000076af80000, 0x0000000774480000, 0x00000007c0000000)
  eden space 117760K, 99% used [0x000000076af80000,0x000000077227fff8,0x0000000772280000)
  from space 10752K, 0% used [0x0000000773a00000,0x0000000773a00000,0x0000000774480000)
  to   space 10752K, 0% used [0x0000000772f80000,0x0000000772f80000,0x0000000773a00000)
 ParOldGen       total 216064K, used 215322K [0x00000006c0e00000, 0x00000006ce100000, 0x000000076af80000)
  object space 216064K, 99% used [0x00000006c0e00000,0x00000006ce046898,0x00000006ce100000)
 Metaspace       used 22139K, capacity 23250K, committed 23552K, reserved 1069056K
  class space    used 3005K, capacity 3252K, committed 3328K, reserved 1048576K
Event: 51.688 GC heap after
Heap after GC invocations=231 (full 227):
 PSYoungGen      total 128512K, used 117759K [0x000000076af80000, 0x0000000774480000, 0x00000007c0000000)
  eden space 117760K, 99% used [0x000000076af80000,0x000000077227fff8,0x0000000772280000)
  from space 10752K, 0% used [0x0000000773a00000,0x0000000773a00000,0x0000000774480000)
  to   space 10752K, 0% used [0x0000000772f80000,0x0000000772f80000,0x0000000773a00000)
 ParOldGen       total 216064K, used 215319K [0x00000006c0e00000, 0x00000006ce100000, 0x000000076af80000)
  object space 216064K, 99% used [0x00000006c0e00000,0x00000006ce045f58,0x00000006ce100000)
 Metaspace       used 22139K, capacity 23250K, committed 23552K, reserved 1069056K
  class space    used 3005K, capacity 3252K, committed 3328K, reserved 1048576K
}
Event: 51.688 GC heap before
{Heap before GC invocations=232 (full 228):
 PSYoungGen      total 128512K, used 117759K [0x000000076af80000, 0x0000000774480000, 0x00000007c0000000)
  eden space 117760K, 99% used [0x000000076af80000,0x000000077227fff8,0x0000000772280000)
  from space 10752K, 0% used [0x0000000773a00000,0x0000000773a00000,0x0000000774480000)
  to   space 10752K, 0% used [0x0000000772f80000,0x0000000772f80000,0x0000000773a00000)
 ParOldGen       total 216064K, used 215319K [0x00000006c0e00000, 0x00000006ce100000, 0x000000076af80000)
  object space 216064K, 99% used [0x00000006c0e00000,0x00000006ce045fb0,0x00000006ce100000)
 Metaspace       used 22139K, capacity 23250K, committed 23552K, reserved 1069056K
  class space    used 3005K, capacity 3252K, committed 3328K, reserved 1048576K
Event: 51.706 GC heap after
Heap after GC invocations=232 (full 228):
 PSYoungGen      total 128512K, used 117759K [0x000000076af80000, 0x0000000774480000, 0x00000007c0000000)
  eden space 117760K, 99% used [0x000000076af80000,0x000000077227fff8,0x0000000772280000)
  from space 10752K, 0% used [0x0000000773a00000,0x0000000773a00000,0x0000000774480000)
  to   space 10752K, 0% used [0x0000000772f80000,0x0000000772f80000,0x0000000773a00000)
 ParOldGen       total 216064K, used 215319K [0x00000006c0e00000, 0x00000006ce100000, 0x000000076af80000)
  object space 216064K, 99% used [0x00000006c0e00000,0x00000006ce045f88,0x00000006ce100000)
 Metaspace       used 22139K, capacity 23250K, committed 23552K, reserved 1069056K
  class space    used 3005K, capacity 3252K, committed 3328K, reserved 1048576K
}
Event: 51.706 GC heap before
{Heap before GC invocations=233 (full 229):
 PSYoungGen      total 128512K, used 117759K [0x000000076af80000, 0x0000000774480000, 0x00000007c0000000)
  eden space 117760K, 99% used [0x000000076af80000,0x000000077227fff8,0x0000000772280000)
  from space 10752K, 0% used [0x0000000773a00000,0x0000000773a00000,0x0000000774480000)
  to   space 10752K, 0% used [0x0000000772f80000,0x0000000772f80000,0x0000000773a00000)
 ParOldGen       total 216064K, used 215319K [0x00000006c0e00000, 0x00000006ce100000, 0x000000076af80000)
  object space 216064K, 99% used [0x00000006c0e00000,0x00000006ce045f88,0x00000006ce100000)
 Metaspace       used 22139K, capacity 23250K, committed 23552K, reserved 1069056K
  class space    used 3005K, capacity 3252K, committed 3328K, reserved 1048576K
Event: 51.799 GC heap after
Heap after GC invocations=233 (full 229):
 PSYoungGen      total 128512K, used 117758K [0x000000076af80000, 0x0000000774480000, 0x00000007c0000000)
  eden space 117760K, 99% used [0x000000076af80000,0x000000077227fa60,0x0000000772280000)
  from space 10752K, 0% used [0x0000000773a00000,0x0000000773a00000,0x0000000774480000)
  to   space 10752K, 0% used [0x0000000772f80000,0x0000000772f80000,0x0000000773a00000)
 ParOldGen       total 216064K, used 214829K [0x00000006c0e00000, 0x00000006ce100000, 0x000000076af80000)
  object space 216064K, 99% used [0x00000006c0e00000,0x00000006cdfcb448,0x00000006ce100000)
 Metaspace       used 22127K, capacity 23230K, committed 23552K, reserved 1069056K
  class space    used 3001K, capacity 3244K, committed 3328K, reserved 1048576K
}
Event: 51.799 GC heap before
{Heap before GC invocations=234 (full 230):
 PSYoungGen      total 128512K, used 117760K [0x000000076af80000, 0x0000000774480000, 0x00000007c0000000)
  eden space 117760K, 100% used [0x000000076af80000,0x0000000772280000,0x0000000772280000)
  from space 10752K, 0% used [0x0000000773a00000,0x0000000773a00000,0x0000000774480000)
  to   space 10752K, 0% used [0x0000000772f80000,0x0000000772f80000,0x0000000773a00000)
 ParOldGen       total 216064K, used 214833K [0x00000006c0e00000, 0x00000006ce100000, 0x000000076af80000)
  object space 216064K, 99% used [0x00000006c0e00000,0x00000006cdfcc640,0x00000006ce100000)
 Metaspace       used 22127K, capacity 23230K, committed 23552K, reserved 1069056K
  class space    used 3001K, capacity 3244K, committed 3328K, reserved 1048576K
Event: 51.840 GC heap after
Heap after GC invocations=234 (full 230):
 PSYoungGen      total 128512K, used 41422K [0x000000076af80000, 0x0000000774480000, 0x00000007c0000000)
  eden space 117760K, 35% used [0x000000076af80000,0x000000076d7f3800,0x0000000772280000)
  from space 10752K, 0% used [0x0000000773a00000,0x0000000773a00000,0x0000000774480000)
  to   space 10752K, 0% used [0x0000000772f80000,0x0000000772f80000,0x0000000773a00000)
 ParOldGen       total 216064K, used 215023K [0x00000006c0e00000, 0x00000006ce100000, 0x000000076af80000)
  object space 216064K, 99% used [0x00000006c0e00000,0x00000006cdffbdb8,0x00000006ce100000)
 Metaspace       used 22127K, capacity 23230K, committed 23552K, reserved 1069056K
  class space    used 3001K, capacity 3244K, committed 3328K, reserved 1048576K
}

