# JRE version: Java(TM) SE Runtime Environment (8.0_131-b11) (build 1.8.0_131-b11)
# Java VM: Java HotSpot(TM) 64-Bit Server VM (25.131-b11 mixed mode windows-amd64 compressed oops)
Heap:
 PSYoungGen      total 289280K, used 196666K [0x000000076af80000, 0x0000000784800000, 0x00000007c0000000)
  eden space 198144K, 65% used [0x000000076af80000,0x0000000772ef06e0,0x0000000777100000)
  from space 91136K, 72% used [0x000000077ef00000,0x0000000782f9e1b0,0x0000000784800000)
  to   space 110080K, 0% used [0x0000000777100000,0x0000000777100000,0x000000077dc80000)
 ParOldGen       total 392704K, used 176838K [0x00000006c0e00000, 0x00000006d8d80000, 0x000000076af80000)
  object space 392704K, 45% used [0x00000006c0e00000,0x00000006cbab1b00,0x00000006d8d80000)
 Metaspace       used 25960K, capacity 27652K, committed 27904K, reserved 1073152K
  class space    used 3457K, capacity 3793K, committed 3840K, reserved 1048576K
GC Heap History (10 events):
Event: 20.001 GC heap before
{Heap before GC invocations=5 (full 1):
 PSYoungGen      total 76288K, used 71194K [0x000000076af80000, 0x0000000773e00000, 0x00000007c0000000)
  eden space 65536K, 92% used [0x000000076af80000,0x000000076ead6da8,0x000000076ef80000)
  from space 10752K, 97% used [0x000000076ef80000,0x000000076f9afc50,0x000000076fa00000)
  to   space 10752K, 0% used [0x0000000773380000,0x0000000773380000,0x0000000773e00000)
 ParOldGen       total 173568K, used 101453K [0x00000006c0e00000, 0x00000006cb780000, 0x000000076af80000)
  object space 173568K, 58% used [0x00000006c0e00000,0x00000006c71135c8,0x00000006cb780000)
 Metaspace       used 25649K, capacity 27390K, committed 27648K, reserved 1073152K
  class space    used 3455K, capacity 3792K, committed 3840K, reserved 1048576K
Event: 20.007 GC heap after
Heap after GC invocations=5 (full 1):
 PSYoungGen      total 133120K, used 10738K [0x000000076af80000, 0x0000000773e00000, 0x00000007c0000000)
  eden space 122368K, 0% used [0x000000076af80000,0x000000076af80000,0x0000000772700000)
  from space 10752K, 99% used [0x0000000773380000,0x0000000773dfc8a0,0x0000000773e00000)
  to   space 10752K, 0% used [0x0000000772900000,0x0000000772900000,0x0000000773380000)
 ParOldGen       total 173568K, used 112395K [0x00000006c0e00000, 0x00000006cb780000, 0x000000076af80000)
  object space 173568K, 64% used [0x00000006c0e00000,0x00000006c7bc2ef8,0x00000006cb780000)
 Metaspace       used 25649K, capacity 27390K, committed 27648K, reserved 1073152K
  class space    used 3455K, capacity 3792K, committed 3840K, reserved 1048576K
}
Event: 20.007 GC heap before
{Heap before GC invocations=6 (full 2):
 PSYoungGen      total 133120K, used 10738K [0x000000076af80000, 0x0000000773e00000, 0x00000007c0000000)
  eden space 122368K, 0% used [0x000000076af80000,0x000000076af80000,0x0000000772700000)
  from space 10752K, 99% used [0x0000000773380000,0x0000000773dfc8a0,0x0000000773e00000)
  to   space 10752K, 0% used [0x0000000772900000,0x0000000772900000,0x0000000773380000)
 ParOldGen       total 173568K, used 112395K [0x00000006c0e00000, 0x00000006cb780000, 0x000000076af80000)
  object space 173568K, 64% used [0x00000006c0e00000,0x00000006c7bc2ef8,0x00000006cb780000)
 Metaspace       used 25649K, capacity 27390K, committed 27648K, reserved 1073152K
  class space    used 3455K, capacity 3792K, committed 3840K, reserved 1048576K
Event: 20.073 GC heap after
Heap after GC invocations=6 (full 2):
 PSYoungGen      total 133120K, used 0K [0x000000076af80000, 0x0000000773e00000, 0x00000007c0000000)
  eden space 122368K, 0% used [0x000000076af80000,0x000000076af80000,0x0000000772700000)
  from space 10752K, 0% used [0x0000000773380000,0x0000000773380000,0x0000000773e00000)
  to   space 10752K, 0% used [0x0000000772900000,0x0000000772900000,0x0000000773380000)
 ParOldGen       total 275456K, used 121751K [0x00000006c0e00000, 0x00000006d1b00000, 0x000000076af80000)
  object space 275456K, 44% used [0x00000006c0e00000,0x00000006c84e5d00,0x00000006d1b00000)
 Metaspace       used 25649K, capacity 27390K, committed 27648K, reserved 1073152K
  class space    used 3455K, capacity 3792K, committed 3840K, reserved 1048576K
}
Event: 23.473 GC heap before
{Heap before GC invocations=7 (full 2):
 PSYoungGen      total 133120K, used 122202K [0x000000076af80000, 0x0000000773e00000, 0x00000007c0000000)
  eden space 122368K, 99% used [0x000000076af80000,0x00000007726d68b0,0x0000000772700000)
  from space 10752K, 0% used [0x0000000773380000,0x0000000773380000,0x0000000773e00000)
  to   space 10752K, 0% used [0x0000000772900000,0x0000000772900000,0x0000000773380000)
 ParOldGen       total 275456K, used 121751K [0x00000006c0e00000, 0x00000006d1b00000, 0x000000076af80000)
  object space 275456K, 44% used [0x00000006c0e00000,0x00000006c84e5d00,0x00000006d1b00000)
 Metaspace       used 25878K, capacity 27524K, committed 27648K, reserved 1073152K
  class space    used 3456K, capacity 3793K, committed 3840K, reserved 1048576K
Event: 23.497 GC heap after
Heap after GC invocations=7 (full 2):
 PSYoungGen      total 135168K, used 10724K [0x000000076af80000, 0x0000000785780000, 0x00000007c0000000)
  eden space 124416K, 0% used [0x000000076af80000,0x000000076af80000,0x0000000772900000)
  from space 10752K, 99% used [0x0000000772900000,0x0000000773379030,0x0000000773380000)
  to   space 107008K, 0% used [0x000000077ef00000,0x000000077ef00000,0x0000000785780000)
 ParOldGen       total 275456K, used 225023K [0x00000006c0e00000, 0x00000006d1b00000, 0x000000076af80000)
  object space 275456K, 81% used [0x00000006c0e00000,0x00000006ce9bfed0,0x00000006d1b00000)
 Metaspace       used 25878K, capacity 27524K, committed 27648K, reserved 1073152K
  class space    used 3456K, capacity 3793K, committed 3840K, reserved 1048576K
}
Event: 23.497 GC heap before
{Heap before GC invocations=8 (full 3):
 PSYoungGen      total 135168K, used 10724K [0x000000076af80000, 0x0000000785780000, 0x00000007c0000000)
  eden space 124416K, 0% used [0x000000076af80000,0x000000076af80000,0x0000000772900000)
  from space 10752K, 99% used [0x0000000772900000,0x0000000773379030,0x0000000773380000)
  to   space 107008K, 0% used [0x000000077ef00000,0x000000077ef00000,0x0000000785780000)
 ParOldGen       total 275456K, used 225023K [0x00000006c0e00000, 0x00000006d1b00000, 0x000000076af80000)
  object space 275456K, 81% used [0x00000006c0e00000,0x00000006ce9bfed0,0x00000006d1b00000)
 Metaspace       used 25878K, capacity 27524K, committed 27648K, reserved 1073152K
  class space    used 3456K, capacity 3793K, committed 3840K, reserved 1048576K
Event: 23.560 GC heap after
Heap after GC invocations=8 (full 3):
 PSYoungGen      total 135168K, used 0K [0x000000076af80000, 0x0000000785780000, 0x00000007c0000000)
  eden space 124416K, 0% used [0x000000076af80000,0x000000076af80000,0x0000000772900000)
  from space 10752K, 0% used [0x0000000772900000,0x0000000772900000,0x0000000773380000)
  to   space 107008K, 0% used [0x000000077ef00000,0x000000077ef00000,0x0000000785780000)
 ParOldGen       total 392704K, used 176830K [0x00000006c0e00000, 0x00000006d8d80000, 0x000000076af80000)
  object space 392704K, 45% used [0x00000006c0e00000,0x00000006cbaafb00,0x00000006d8d80000)
 Metaspace       used 25878K, capacity 27524K, committed 27648K, reserved 1073152K
  class space    used 3456K, capacity 3793K, committed 3840K, reserved 1048576K
}
Event: 1089.860 GC heap before
{Heap before GC invocations=9 (full 3):
 PSYoungGen      total 135168K, used 124416K [0x000000076af80000, 0x0000000785780000, 0x00000007c0000000)
  eden space 124416K, 100% used [0x000000076af80000,0x0000000772900000,0x0000000772900000)
  from space 10752K, 0% used [0x0000000772900000,0x0000000772900000,0x0000000773380000)
  to   space 107008K, 0% used [0x000000077ef00000,0x000000077ef00000,0x0000000785780000)
 ParOldGen       total 392704K, used 176830K [0x00000006c0e00000, 0x00000006d8d80000, 0x000000076af80000)
  object space 392704K, 45% used [0x00000006c0e00000,0x00000006cbaafb00,0x00000006d8d80000)
 Metaspace       used 25957K, capacity 27652K, committed 27904K, reserved 1073152K
  class space    used 3457K, capacity 3793K, committed 3840K, reserved 1048576K
Event: 1089.920 GC heap after
Heap after GC invocations=9 (full 3):
 PSYoungGen      total 289280K, used 66168K [0x000000076af80000, 0x0000000784800000, 0x00000007c0000000)
  eden space 198144K, 0% used [0x000000076af80000,0x000000076af80000,0x0000000777100000)
  from space 91136K, 72% used [0x000000077ef00000,0x0000000782f9e1b0,0x0000000784800000)
  to   space 110080K, 0% used [0x0000000777100000,0x0000000777100000,0x000000077dc80000)
 ParOldGen       total 392704K, used 176838K [0x00000006c0e00000, 0x00000006d8d80000, 0x000000076af80000)
  object space 392704K, 45% used [0x00000006c0e00000,0x00000006cbab1b00,0x00000006d8d80000)
 Metaspace       used 25957K, capacity 27652K, committed 27904K, reserved 1073152K
  class space    used 3457K, capacity 3793K, committed 3840K, reserved 1048576K
}

