# JRE version: Java(TM) SE Runtime Environment (8.0_131-b11) (build 1.8.0_131-b11)
# Java VM: Java HotSpot(TM) 64-Bit Server VM (25.131-b11 mixed mode windows-amd64 compressed oops)
Heap:
 PSYoungGen      total 123392K, used 86977K [0x000000076af80000, 0x0000000774d00000, 0x00000007c0000000)
  eden space 94720K, 91% used [0x000000076af80000,0x0000000770450428,0x0000000770c00000)
  from space 28672K, 0% used [0x0000000773100000,0x0000000773120000,0x0000000774d00000)
  to   space 33280K, 0% used [0x0000000770c00000,0x0000000770c00000,0x0000000772c80000)
 ParOldGen       total 247808K, used 116274K [0x00000006c0e00000, 0x00000006d0000000, 0x000000076af80000)
  object space 247808K, 46% used [0x00000006c0e00000,0x00000006c7f8c880,0x00000006d0000000)
 Metaspace       used 25476K, capacity 27172K, committed 27392K, reserved 1073152K
  class space    used 3427K, capacity 3735K, committed 3840K, reserved 1048576K
GC Heap History (10 events):
Event: 17199.931 GC heap before
{Heap before GC invocations=14 (full 2):
 PSYoungGen      total 153600K, used 108640K [0x000000076af80000, 0x0000000777680000, 0x00000007c0000000)
  eden space 108544K, 100% used [0x000000076af80000,0x0000000771980000,0x0000000771980000)
  from space 45056K, 0% used [0x0000000771e80000,0x0000000771e98000,0x0000000774a80000)
  to   space 43008K, 0% used [0x0000000774c80000,0x0000000774c80000,0x0000000777680000)
 ParOldGen       total 247808K, used 116242K [0x00000006c0e00000, 0x00000006d0000000, 0x000000076af80000)
  object space 247808K, 46% used [0x00000006c0e00000,0x00000006c7f84880,0x00000006d0000000)
 Metaspace       used 25476K, capacity 27172K, committed 27392K, reserved 1073152K
  class space    used 3427K, capacity 3735K, committed 3840K, reserved 1048576K
Event: 17199.933 GC heap after
Heap after GC invocations=14 (full 2):
 PSYoungGen      total 133120K, used 32K [0x000000076af80000, 0x0000000776780000, 0x00000007c0000000)
  eden space 105472K, 0% used [0x000000076af80000,0x000000076af80000,0x0000000771680000)
  from space 27648K, 0% used [0x0000000774c80000,0x0000000774c88000,0x0000000776780000)
  to   space 41472K, 0% used [0x0000000771680000,0x0000000771680000,0x0000000773f00000)
 ParOldGen       total 247808K, used 116274K [0x00000006c0e00000, 0x00000006d0000000, 0x000000076af80000)
  object space 247808K, 46% used [0x00000006c0e00000,0x00000006c7f8c880,0x00000006d0000000)
 Metaspace       used 25476K, capacity 27172K, committed 27392K, reserved 1073152K
  class space    used 3427K, capacity 3735K, committed 3840K, reserved 1048576K
}
Event: 19083.834 GC heap before
{Heap before GC invocations=15 (full 2):
 PSYoungGen      total 133120K, used 105504K [0x000000076af80000, 0x0000000776780000, 0x00000007c0000000)
  eden space 105472K, 100% used [0x000000076af80000,0x0000000771680000,0x0000000771680000)
  from space 27648K, 0% used [0x0000000774c80000,0x0000000774c88000,0x0000000776780000)
  to   space 41472K, 0% used [0x0000000771680000,0x0000000771680000,0x0000000773f00000)
 ParOldGen       total 247808K, used 116274K [0x00000006c0e00000, 0x00000006d0000000, 0x000000076af80000)
  object space 247808K, 46% used [0x00000006c0e00000,0x00000006c7f8c880,0x00000006d0000000)
 Metaspace       used 25476K, capacity 27172K, committed 27392K, reserved 1073152K
  class space    used 3427K, capacity 3735K, committed 3840K, reserved 1048576K
Event: 19083.836 GC heap after
Heap after GC invocations=15 (full 2):
 PSYoungGen      total 102912K, used 32K [0x000000076af80000, 0x0000000776080000, 0x00000007c0000000)
  eden space 102400K, 0% used [0x000000076af80000,0x000000076af80000,0x0000000771380000)
  from space 512K, 6% used [0x0000000771680000,0x0000000771688000,0x0000000771700000)
  to   space 39424K, 0% used [0x0000000773a00000,0x0000000773a00000,0x0000000776080000)
 ParOldGen       total 247808K, used 116274K [0x00000006c0e00000, 0x00000006d0000000, 0x000000076af80000)
  object space 247808K, 46% used [0x00000006c0e00000,0x00000006c7f8c880,0x00000006d0000000)
 Metaspace       used 25476K, capacity 27172K, committed 27392K, reserved 1073152K
  class space    used 3427K, capacity 3735K, committed 3840K, reserved 1048576K
}
Event: 20919.451 GC heap before
{Heap before GC invocations=16 (full 2):
 PSYoungGen      total 102912K, used 102432K [0x000000076af80000, 0x0000000776080000, 0x00000007c0000000)
  eden space 102400K, 100% used [0x000000076af80000,0x0000000771380000,0x0000000771380000)
  from space 512K, 6% used [0x0000000771680000,0x0000000771688000,0x0000000771700000)
  to   space 39424K, 0% used [0x0000000773a00000,0x0000000773a00000,0x0000000776080000)
 ParOldGen       total 247808K, used 116274K [0x00000006c0e00000, 0x00000006d0000000, 0x000000076af80000)
  object space 247808K, 46% used [0x00000006c0e00000,0x00000006c7f8c880,0x00000006d0000000)
 Metaspace       used 25476K, capacity 27172K, committed 27392K, reserved 1073152K
  class space    used 3427K, capacity 3735K, committed 3840K, reserved 1048576K
Event: 20919.455 GC heap after
Heap after GC invocations=16 (full 2):
 PSYoungGen      total 132608K, used 64K [0x000000076af80000, 0x0000000775a00000, 0x00000007c0000000)
  eden space 99840K, 0% used [0x000000076af80000,0x000000076af80000,0x0000000771100000)
  from space 32768K, 0% used [0x0000000773a00000,0x0000000773a10000,0x0000000775a00000)
  to   space 37376K, 0% used [0x0000000771100000,0x0000000771100000,0x0000000773580000)
 ParOldGen       total 247808K, used 116274K [0x00000006c0e00000, 0x00000006d0000000, 0x000000076af80000)
  object space 247808K, 46% used [0x00000006c0e00000,0x00000006c7f8c880,0x00000006d0000000)
 Metaspace       used 25476K, capacity 27172K, committed 27392K, reserved 1073152K
  class space    used 3427K, capacity 3735K, committed 3840K, reserved 1048576K
}
Event: 22706.500 GC heap before
{Heap before GC invocations=17 (full 2):
 PSYoungGen      total 132608K, used 99904K [0x000000076af80000, 0x0000000775a00000, 0x00000007c0000000)
  eden space 99840K, 100% used [0x000000076af80000,0x0000000771100000,0x0000000771100000)
  from space 32768K, 0% used [0x0000000773a00000,0x0000000773a10000,0x0000000775a00000)
  to   space 37376K, 0% used [0x0000000771100000,0x0000000771100000,0x0000000773580000)
 ParOldGen       total 247808K, used 116274K [0x00000006c0e00000, 0x00000006d0000000, 0x000000076af80000)
  object space 247808K, 46% used [0x00000006c0e00000,0x00000006c7f8c880,0x00000006d0000000)
 Metaspace       used 25476K, capacity 27172K, committed 27392K, reserved 1073152K
  class space    used 3427K, capacity 3735K, committed 3840K, reserved 1048576K
Event: 22706.513 GC heap after
Heap after GC invocations=17 (full 2):
 PSYoungGen      total 97792K, used 128K [0x000000076af80000, 0x0000000775380000, 0x00000007c0000000)
  eden space 97280K, 0% used [0x000000076af80000,0x000000076af80000,0x0000000770e80000)
  from space 512K, 25% used [0x0000000771100000,0x0000000771120000,0x0000000771180000)
  to   space 35328K, 0% used [0x0000000773100000,0x0000000773100000,0x0000000775380000)
 ParOldGen       total 247808K, used 116274K [0x00000006c0e00000, 0x00000006d0000000, 0x000000076af80000)
  object space 247808K, 46% used [0x00000006c0e00000,0x00000006c7f8c880,0x00000006d0000000)
 Metaspace       used 25476K, capacity 27172K, committed 27392K, reserved 1073152K
  class space    used 3427K, capacity 3735K, committed 3840K, reserved 1048576K
}
Event: 24455.339 GC heap before
{Heap before GC invocations=18 (full 2):
 PSYoungGen      total 97792K, used 97408K [0x000000076af80000, 0x0000000775380000, 0x00000007c0000000)
  eden space 97280K, 100% used [0x000000076af80000,0x0000000770e80000,0x0000000770e80000)
  from space 512K, 25% used [0x0000000771100000,0x0000000771120000,0x0000000771180000)
  to   space 35328K, 0% used [0x0000000773100000,0x0000000773100000,0x0000000775380000)
 ParOldGen       total 247808K, used 116274K [0x00000006c0e00000, 0x00000006d0000000, 0x000000076af80000)
  object space 247808K, 46% used [0x00000006c0e00000,0x00000006c7f8c880,0x00000006d0000000)
 Metaspace       used 25476K, capacity 27172K, committed 27392K, reserved 1073152K
  class space    used 3427K, capacity 3735K, committed 3840K, reserved 1048576K
Event: 24455.358 GC heap after
Heap after GC invocations=18 (full 2):
 PSYoungGen      total 123392K, used 128K [0x000000076af80000, 0x0000000774d00000, 0x00000007c0000000)
  eden space 94720K, 0% used [0x000000076af80000,0x000000076af80000,0x0000000770c00000)
  from space 28672K, 0% used [0x0000000773100000,0x0000000773120000,0x0000000774d00000)
  to   space 33280K, 0% used [0x0000000770c00000,0x0000000770c00000,0x0000000772c80000)
 ParOldGen       total 247808K, used 116274K [0x00000006c0e00000, 0x00000006d0000000, 0x000000076af80000)
  object space 247808K, 46% used [0x00000006c0e00000,0x00000006c7f8c880,0x00000006d0000000)
 Metaspace       used 25476K, capacity 27172K, committed 27392K, reserved 1073152K
  class space    used 3427K, capacity 3735K, committed 3840K, reserved 1048576K
}

