# JRE version: Java(TM) SE Runtime Environment (8.0_131-b11) (build 1.8.0_131-b11)
# Java VM: Java HotSpot(TM) 64-Bit Server VM (25.131-b11 mixed mode windows-amd64 compressed oops)
Heap:
 PSYoungGen      total 76288K, used 14265K [0x000000076af80000, 0x0000000770480000, 0x00000007c0000000)
  eden space 65536K, 21% used [0x000000076af80000,0x000000076bd6e670,0x000000076ef80000)
  from space 10752K, 0% used [0x000000076ef80000,0x000000076ef80000,0x000000076fa00000)
  to   space 10752K, 0% used [0x000000076fa00000,0x000000076fa00000,0x0000000770480000)
 ParOldGen       total 175104K, used 113404K [0x00000006c0e00000, 0x00000006cb900000, 0x000000076af80000)
  object space 175104K, 64% used [0x00000006c0e00000,0x00000006c7cbf2c0,0x00000006cb900000)
 Metaspace       used 22069K, capacity 23246K, committed 23552K, reserved 1069056K
  class space    used 3033K, capacity 3252K, committed 3328K, reserved 1048576K
GC Heap History (8 events):
Event: 5.732 GC heap before
{Heap before GC invocations=1 (full 0):
 PSYoungGen      total 76288K, used 62903K [0x000000076af80000, 0x0000000770480000, 0x00000007c0000000)
  eden space 65536K, 95% used [0x000000076af80000,0x000000076ecedf38,0x000000076ef80000)
  from space 10752K, 0% used [0x000000076fa00000,0x000000076fa00000,0x0000000770480000)
  to   space 10752K, 0% used [0x000000076ef80000,0x000000076ef80000,0x000000076fa00000)
 ParOldGen       total 175104K, used 0K [0x00000006c0e00000, 0x00000006cb900000, 0x000000076af80000)
  object space 175104K, 0% used [0x00000006c0e00000,0x00000006c0e00000,0x00000006cb900000)
 Metaspace       used 19395K, capacity 20134K, committed 20352K, reserved 1067008K
  class space    used 2666K, capacity 2876K, committed 2944K, reserved 1048576K
Event: 5.738 GC heap after
Heap after GC invocations=1 (full 0):
 PSYoungGen      total 76288K, used 10736K [0x000000076af80000, 0x0000000770480000, 0x00000007c0000000)
  eden space 65536K, 0% used [0x000000076af80000,0x000000076af80000,0x000000076ef80000)
  from space 10752K, 99% used [0x000000076ef80000,0x000000076f9fc0c0,0x000000076fa00000)
  to   space 10752K, 0% used [0x000000076fa00000,0x000000076fa00000,0x0000000770480000)
 ParOldGen       total 175104K, used 1819K [0x00000006c0e00000, 0x00000006cb900000, 0x000000076af80000)
  object space 175104K, 1% used [0x00000006c0e00000,0x00000006c0fc6fd0,0x00000006cb900000)
 Metaspace       used 19395K, capacity 20134K, committed 20352K, reserved 1067008K
  class space    used 2666K, capacity 2876K, committed 2944K, reserved 1048576K
}
Event: 6.007 GC heap before
{Heap before GC invocations=2 (full 0):
 PSYoungGen      total 76288K, used 74576K [0x000000076af80000, 0x0000000770480000, 0x00000007c0000000)
  eden space 65536K, 97% used [0x000000076af80000,0x000000076edd7fe8,0x000000076ef80000)
  from space 10752K, 99% used [0x000000076ef80000,0x000000076f9fc0c0,0x000000076fa00000)
  to   space 10752K, 0% used [0x000000076fa00000,0x000000076fa00000,0x0000000770480000)
 ParOldGen       total 175104K, used 1819K [0x00000006c0e00000, 0x00000006cb900000, 0x000000076af80000)
  object space 175104K, 1% used [0x00000006c0e00000,0x00000006c0fc6fd0,0x00000006cb900000)
 Metaspace       used 20195K, capacity 20912K, committed 21248K, reserved 1067008K
  class space    used 2777K, capacity 2967K, committed 3072K, reserved 1048576K
Event: 6.021 GC heap after
Heap after GC invocations=2 (full 0):
 PSYoungGen      total 76288K, used 10726K [0x000000076af80000, 0x0000000770480000, 0x00000007c0000000)
  eden space 65536K, 0% used [0x000000076af80000,0x000000076af80000,0x000000076ef80000)
  from space 10752K, 99% used [0x000000076fa00000,0x00000007704798d0,0x0000000770480000)
  to   space 10752K, 0% used [0x000000076ef80000,0x000000076ef80000,0x000000076fa00000)
 ParOldGen       total 175104K, used 55621K [0x00000006c0e00000, 0x00000006cb900000, 0x000000076af80000)
  object space 175104K, 31% used [0x00000006c0e00000,0x00000006c4451598,0x00000006cb900000)
 Metaspace       used 20195K, capacity 20912K, committed 21248K, reserved 1067008K
  class space    used 2777K, capacity 2967K, committed 3072K, reserved 1048576K
}
Event: 6.291 GC heap before
{Heap before GC invocations=3 (full 0):
 PSYoungGen      total 76288K, used 61762K [0x000000076af80000, 0x0000000770480000, 0x00000007c0000000)
  eden space 65536K, 77% used [0x000000076af80000,0x000000076e157300,0x000000076ef80000)
  from space 10752K, 99% used [0x000000076fa00000,0x00000007704798d0,0x0000000770480000)
  to   space 10752K, 0% used [0x000000076ef80000,0x000000076ef80000,0x000000076fa00000)
 ParOldGen       total 175104K, used 55621K [0x00000006c0e00000, 0x00000006cb900000, 0x000000076af80000)
  object space 175104K, 31% used [0x00000006c0e00000,0x00000006c4451598,0x00000006cb900000)
 Metaspace       used 20394K, capacity 21160K, committed 21248K, reserved 1067008K
  class space    used 2796K, capacity 3001K, committed 3072K, reserved 1048576K
Event: 6.304 GC heap after
Heap after GC invocations=3 (full 0):
 PSYoungGen      total 76288K, used 10744K [0x000000076af80000, 0x0000000770480000, 0x00000007c0000000)
  eden space 65536K, 0% used [0x000000076af80000,0x000000076af80000,0x000000076ef80000)
  from space 10752K, 99% used [0x000000076ef80000,0x000000076f9fe130,0x000000076fa00000)
  to   space 10752K, 0% used [0x000000076fa00000,0x000000076fa00000,0x0000000770480000)
 ParOldGen       total 175104K, used 103842K [0x00000006c0e00000, 0x00000006cb900000, 0x000000076af80000)
  object space 175104K, 59% used [0x00000006c0e00000,0x00000006c7368988,0x00000006cb900000)
 Metaspace       used 20394K, capacity 21160K, committed 21248K, reserved 1067008K
  class space    used 2796K, capacity 3001K, committed 3072K, reserved 1048576K
}
Event: 6.304 GC heap before
{Heap before GC invocations=4 (full 1):
 PSYoungGen      total 76288K, used 10744K [0x000000076af80000, 0x0000000770480000, 0x00000007c0000000)
  eden space 65536K, 0% used [0x000000076af80000,0x000000076af80000,0x000000076ef80000)
  from space 10752K, 99% used [0x000000076ef80000,0x000000076f9fe130,0x000000076fa00000)
  to   space 10752K, 0% used [0x000000076fa00000,0x000000076fa00000,0x0000000770480000)
 ParOldGen       total 175104K, used 103842K [0x00000006c0e00000, 0x00000006cb900000, 0x000000076af80000)
  object space 175104K, 59% used [0x00000006c0e00000,0x00000006c7368988,0x00000006cb900000)
 Metaspace       used 20394K, capacity 21160K, committed 21248K, reserved 1067008K
  class space    used 2796K, capacity 3001K, committed 3072K, reserved 1048576K
Event: 6.343 GC heap after
Heap after GC invocations=4 (full 1):
 PSYoungGen      total 76288K, used 0K [0x000000076af80000, 0x0000000770480000, 0x00000007c0000000)
  eden space 65536K, 0% used [0x000000076af80000,0x000000076af80000,0x000000076ef80000)
  from space 10752K, 0% used [0x000000076ef80000,0x000000076ef80000,0x000000076fa00000)
  to   space 10752K, 0% used [0x000000076fa00000,0x000000076fa00000,0x0000000770480000)
 ParOldGen       total 175104K, used 113404K [0x00000006c0e00000, 0x00000006cb900000, 0x000000076af80000)
  object space 175104K, 64% used [0x00000006c0e00000,0x00000006c7cbf2c0,0x00000006cb900000)
 Metaspace       used 20394K, capacity 21160K, committed 21248K, reserved 1067008K
  class space    used 2796K, capacity 3001K, committed 3072K, reserved 1048576K
}

